8

dir
33
file:///Users/kom/code/svn_repository/SVNwpv/junit4.10/org/junit/tests/experimental/theories
file:///Users/kom/code/svn_repository/SVNwpv



2011-11-06T02:13:16.605399Z
1
kom


svn:special svn:externals svn:needs-lock











0020f8c9-46a0-494d-9da5-a2e9f4206ce4

extendingwithstubs
dir

AllMembersSupplierTest$HasDataPoints.class
file




2011-11-06T02:48:16.000000Z
6275193e0647c51c037b280186ee7438
2011-11-06T02:13:16.605399Z
1
kom
has-props

ParameterSignatureTest.java
file




2011-11-06T02:48:16.000000Z
2cbbbd283a22481ae3f6730bf2ddf7e9
2011-11-06T02:13:16.605399Z
1
kom

ParameterizedAssertionErrorTest.class
file




2011-11-06T02:48:16.000000Z
438eadc8cb657e3414ae19cc09157617
2011-11-06T02:13:16.605399Z
1
kom
has-props

ParameterSignatureTest.class
file




2011-11-06T02:48:16.000000Z
7af7a78d7a06ccde8720fda8e9f04b0c
2011-11-06T02:13:16.605399Z
1
kom
has-props

AllMembersSupplierTest.java
file




2011-11-06T02:48:16.000000Z
a8a18ccdbae4ee35b0765aebcc3a7c14
2011-11-06T02:13:16.605399Z
1
kom

ParameterizedAssertionErrorTest$1.class
file




2011-11-06T02:48:16.000000Z
ac0c1455b6434b280c0764b7f398386c
2011-11-06T02:13:16.605399Z
1
kom
has-props

runner
dir

AllMembersSupplierTest.class
file




2011-11-06T02:48:16.000000Z
26b857abfca9fca3cfeb3fb9ed1ed2f8
2011-11-06T02:13:16.605399Z
1
kom
has-props

ParameterizedAssertionErrorTest.java
file




2011-11-06T02:48:16.000000Z
a01618cac0749310e8b45e577599714e
2011-11-06T02:13:16.605399Z
1
kom

